# JRE version: OpenJDK Runtime Environment (11.0.12+7) (build 11.0.12+7-b1504.28-7817840)
# Java VM: OpenJDK 64-Bit Server VM (11.0.12+7-b1504.28-7817840, mixed mode, tiered, compressed oops, g1 gc, windows-amd64)
Heap:
 garbage-first heap   total 390144K, used 249416K [0x0000000080000000, 0x0000000100000000)
  region size 1024K, 62 young (63488K), 15 survivors (15360K)
 Metaspace       used 132338K, capacity 135597K, committed 135672K, reserved 1167360K
  class space    used 16583K, capacity 17864K, committed 17912K, reserved 1048576K
GC Heap History (20 events):
Event: 21.077 GC heap before
{Heap before GC invocations=48 (full 0):
 garbage-first heap   total 270336K, used 204757K [0x0000000080000000, 0x0000000100000000)
  region size 1024K, 68 young (69632K), 5 survivors (5120K)
 Metaspace       used 117478K, capacity 120145K, committed 120440K, reserved 1153024K
  class space    used 14908K, capacity 15948K, committed 15992K, reserved 1048576K
}
Event: 21.091 GC heap after
{Heap after GC invocations=49 (full 0):
 garbage-first heap   total 324608K, used 146744K [0x0000000080000000, 0x0000000100000000)
  region size 1024K, 6 young (6144K), 6 survivors (6144K)
 Metaspace       used 117478K, capacity 120145K, committed 120440K, reserved 1153024K
  class space    used 14908K, capacity 15948K, committed 15992K, reserved 1048576K
}
Event: 21.134 GC heap before
{Heap before GC invocations=49 (full 0):
 garbage-first heap   total 324608K, used 154936K [0x0000000080000000, 0x0000000100000000)
  region size 1024K, 15 young (15360K), 6 survivors (6144K)
 Metaspace       used 117478K, capacity 120145K, committed 120440K, reserved 1153024K
  class space    used 14908K, capacity 15948K, committed 15992K, reserved 1048576K
}
Event: 21.142 GC heap after
{Heap after GC invocations=50 (full 0):
 garbage-first heap   total 324608K, used 147456K [0x0000000080000000, 0x0000000100000000)
  region size 1024K, 1 young (1024K), 1 survivors (1024K)
 Metaspace       used 117478K, capacity 120145K, committed 120440K, reserved 1153024K
  class space    used 14908K, capacity 15948K, committed 15992K, reserved 1048576K
}
Event: 21.862 GC heap before
{Heap before GC invocations=50 (full 0):
 garbage-first heap   total 324608K, used 232448K [0x0000000080000000, 0x0000000100000000)
  region size 1024K, 85 young (87040K), 1 survivors (1024K)
 Metaspace       used 117612K, capacity 120274K, committed 120568K, reserved 1153024K
  class space    used 14925K, capacity 15993K, committed 16120K, reserved 1048576K
}
Event: 21.871 GC heap after
{Heap after GC invocations=51 (full 0):
 garbage-first heap   total 324608K, used 151942K [0x0000000080000000, 0x0000000100000000)
  region size 1024K, 6 young (6144K), 6 survivors (6144K)
 Metaspace       used 117612K, capacity 120274K, committed 120568K, reserved 1153024K
  class space    used 14925K, capacity 15993K, committed 16120K, reserved 1048576K
}
Event: 27.293 GC heap before
{Heap before GC invocations=52 (full 0):
 garbage-first heap   total 324608K, used 243078K [0x0000000080000000, 0x0000000100000000)
  region size 1024K, 96 young (98304K), 6 survivors (6144K)
 Metaspace       used 118266K, capacity 120943K, committed 121080K, reserved 1155072K
  class space    used 14992K, capacity 16065K, committed 16120K, reserved 1048576K
}
Event: 27.307 GC heap after
{Heap after GC invocations=53 (full 0):
 garbage-first heap   total 324608K, used 162722K [0x0000000080000000, 0x0000000100000000)
  region size 1024K, 12 young (12288K), 12 survivors (12288K)
 Metaspace       used 118266K, capacity 120943K, committed 121080K, reserved 1155072K
  class space    used 14992K, capacity 16065K, committed 16120K, reserved 1048576K
}
Event: 27.338 GC heap before
{Heap before GC invocations=53 (full 0):
 garbage-first heap   total 324608K, used 164770K [0x0000000080000000, 0x0000000100000000)
  region size 1024K, 15 young (15360K), 12 survivors (12288K)
 Metaspace       used 118304K, capacity 120943K, committed 121080K, reserved 1155072K
  class space    used 15000K, capacity 16065K, committed 16120K, reserved 1048576K
}
Event: 27.347 GC heap after
{Heap after GC invocations=54 (full 0):
 garbage-first heap   total 324608K, used 163988K [0x0000000080000000, 0x0000000100000000)
  region size 1024K, 2 young (2048K), 2 survivors (2048K)
 Metaspace       used 118304K, capacity 120943K, committed 121080K, reserved 1155072K
  class space    used 15000K, capacity 16065K, committed 16120K, reserved 1048576K
}
Event: 27.702 GC heap before
{Heap before GC invocations=54 (full 0):
 garbage-first heap   total 324608K, used 251028K [0x0000000080000000, 0x0000000100000000)
  region size 1024K, 88 young (90112K), 2 survivors (2048K)
 Metaspace       used 118649K, capacity 121328K, committed 121592K, reserved 1155072K
  class space    used 15021K, capacity 16065K, committed 16120K, reserved 1048576K
}
Event: 27.708 GC heap after
{Heap after GC invocations=55 (full 0):
 garbage-first heap   total 324608K, used 164623K [0x0000000080000000, 0x0000000100000000)
  region size 1024K, 3 young (3072K), 3 survivors (3072K)
 Metaspace       used 118649K, capacity 121328K, committed 121592K, reserved 1155072K
  class space    used 15021K, capacity 16065K, committed 16120K, reserved 1048576K
}
Event: 74.523 GC heap before
{Heap before GC invocations=55 (full 0):
 garbage-first heap   total 324608K, used 256783K [0x0000000080000000, 0x0000000100000000)
  region size 1024K, 94 young (96256K), 3 survivors (3072K)
 Metaspace       used 121550K, capacity 124527K, committed 124664K, reserved 1157120K
  class space    used 15407K, capacity 16551K, committed 16632K, reserved 1048576K
}
Event: 74.861 GC heap after
{Heap after GC invocations=56 (full 0):
 garbage-first heap   total 324608K, used 168457K [0x0000000080000000, 0x0000000100000000)
  region size 1024K, 7 young (7168K), 7 survivors (7168K)
 Metaspace       used 121550K, capacity 124527K, committed 124664K, reserved 1157120K
  class space    used 15407K, capacity 16551K, committed 16632K, reserved 1048576K
}
Event: 76.967 GC heap before
{Heap before GC invocations=56 (full 0):
 garbage-first heap   total 324608K, used 233993K [0x0000000080000000, 0x0000000100000000)
  region size 1024K, 72 young (73728K), 7 survivors (7168K)
 Metaspace       used 121902K, capacity 124750K, committed 124920K, reserved 1157120K
  class space    used 15446K, capacity 16561K, committed 16632K, reserved 1048576K
}
Event: 76.981 GC heap after
{Heap after GC invocations=57 (full 0):
 garbage-first heap   total 390144K, used 169073K [0x0000000080000000, 0x0000000100000000)
  region size 1024K, 5 young (5120K), 5 survivors (5120K)
 Metaspace       used 121902K, capacity 124750K, committed 124920K, reserved 1157120K
  class space    used 15446K, capacity 16561K, committed 16632K, reserved 1048576K
}
Event: 78.643 GC heap before
{Heap before GC invocations=57 (full 0):
 garbage-first heap   total 390144K, used 263281K [0x0000000080000000, 0x0000000100000000)
  region size 1024K, 98 young (100352K), 5 survivors (5120K)
 Metaspace       used 125320K, capacity 128392K, committed 128504K, reserved 1161216K
  class space    used 15856K, capacity 17087K, committed 17144K, reserved 1048576K
}
Event: 78.665 GC heap after
{Heap after GC invocations=58 (full 0):
 garbage-first heap   total 390144K, used 181882K [0x0000000080000000, 0x0000000100000000)
  region size 1024K, 13 young (13312K), 13 survivors (13312K)
 Metaspace       used 125320K, capacity 128392K, committed 128504K, reserved 1161216K
  class space    used 15856K, capacity 17087K, committed 17144K, reserved 1048576K
}
Event: 80.642 GC heap before
{Heap before GC invocations=58 (full 0):
 garbage-first heap   total 390144K, used 288378K [0x0000000080000000, 0x0000000100000000)
  region size 1024K, 115 young (117760K), 13 survivors (13312K)
 Metaspace       used 130831K, capacity 134006K, committed 134264K, reserved 1165312K
  class space    used 16447K, capacity 17719K, committed 17784K, reserved 1048576K
}
Event: 80.680 GC heap after
{Heap after GC invocations=59 (full 0):
 garbage-first heap   total 390144K, used 202312K [0x0000000080000000, 0x0000000100000000)
  region size 1024K, 15 young (15360K), 15 survivors (15360K)
 Metaspace       used 130831K, capacity 134006K, committed 134264K, reserved 1165312K
  class space    used 16447K, capacity 17719K, committed 17784K, reserved 1048576K
}

