# JRE version: OpenJDK Runtime Environment (11.0.12+7) (build 11.0.12+7-b1504.28-7817840)
# Java VM: OpenJDK 64-Bit Server VM (11.0.12+7-b1504.28-7817840, mixed mode, tiered, compressed oops, g1 gc, windows-amd64)
Heap:
 garbage-first heap   total 436224K, used 258283K [0x0000000080000000, 0x0000000100000000)
  region size 1024K, 4 young (4096K), 4 survivors (4096K)
 Metaspace       used 122366K, capacity 125803K, committed 125824K, reserved 1157120K
  class space    used 15951K, capacity 17280K, committed 17280K, reserved 1048576K
GC Heap History (20 events):
Event: 18.566 GC heap after
{Heap after GC invocations=41 (full 0):
 garbage-first heap   total 270336K, used 141635K [0x0000000080000000, 0x0000000100000000)
  region size 1024K, 6 young (6144K), 6 survivors (6144K)
 Metaspace       used 111679K, capacity 114314K, committed 114432K, reserved 1148928K
  class space    used 14280K, capacity 15287K, committed 15360K, reserved 1048576K
}
Event: 19.179 GC heap before
{Heap before GC invocations=42 (full 0):
 garbage-first heap   total 270336K, used 213315K [0x0000000080000000, 0x0000000100000000)
  region size 1024K, 77 young (78848K), 6 survivors (6144K)
 Metaspace       used 111947K, capacity 114573K, committed 114688K, reserved 1148928K
  class space    used 14309K, capacity 15301K, committed 15360K, reserved 1048576K
}
Event: 19.190 GC heap after
{Heap after GC invocations=43 (full 0):
 garbage-first heap   total 270336K, used 145695K [0x0000000080000000, 0x0000000100000000)
  region size 1024K, 9 young (9216K), 9 survivors (9216K)
 Metaspace       used 111947K, capacity 114573K, committed 114688K, reserved 1148928K
  class space    used 14309K, capacity 15301K, committed 15360K, reserved 1048576K
}
Event: 19.202 GC heap before
{Heap before GC invocations=43 (full 0):
 garbage-first heap   total 270336K, used 149791K [0x0000000080000000, 0x0000000100000000)
  region size 1024K, 13 young (13312K), 9 survivors (9216K)
 Metaspace       used 111949K, capacity 114573K, committed 114688K, reserved 1148928K
  class space    used 14309K, capacity 15301K, committed 15360K, reserved 1048576K
}
Event: 19.210 GC heap after
{Heap after GC invocations=44 (full 0):
 garbage-first heap   total 324608K, used 145287K [0x0000000080000000, 0x0000000100000000)
  region size 1024K, 1 young (1024K), 1 survivors (1024K)
 Metaspace       used 111949K, capacity 114573K, committed 114688K, reserved 1148928K
  class space    used 14309K, capacity 15301K, committed 15360K, reserved 1048576K
}
Event: 19.266 GC heap before
{Heap before GC invocations=44 (full 0):
 garbage-first heap   total 324608K, used 162695K [0x0000000080000000, 0x0000000100000000)
  region size 1024K, 18 young (18432K), 1 survivors (1024K)
 Metaspace       used 112091K, capacity 114821K, committed 114944K, reserved 1148928K
  class space    used 14321K, capacity 15337K, committed 15360K, reserved 1048576K
}
Event: 19.271 GC heap after
{Heap after GC invocations=45 (full 0):
 garbage-first heap   total 324608K, used 148672K [0x0000000080000000, 0x0000000100000000)
  region size 1024K, 3 young (3072K), 3 survivors (3072K)
 Metaspace       used 112091K, capacity 114821K, committed 114944K, reserved 1148928K
  class space    used 14321K, capacity 15337K, committed 15360K, reserved 1048576K
}
Event: 19.747 GC heap before
{Heap before GC invocations=46 (full 0):
 garbage-first heap   total 324608K, used 257216K [0x0000000080000000, 0x0000000100000000)
  region size 1024K, 94 young (96256K), 3 survivors (3072K)
 Metaspace       used 114246K, capacity 116943K, committed 117120K, reserved 1150976K
  class space    used 14598K, capacity 15628K, committed 15744K, reserved 1048576K
}
Event: 19.757 GC heap after
{Heap after GC invocations=47 (full 0):
 garbage-first heap   total 324608K, used 184072K [0x0000000080000000, 0x0000000100000000)
  region size 1024K, 12 young (12288K), 12 survivors (12288K)
 Metaspace       used 114246K, capacity 116943K, committed 117120K, reserved 1150976K
  class space    used 14598K, capacity 15628K, committed 15744K, reserved 1048576K
}
Event: 19.925 GC heap before
{Heap before GC invocations=47 (full 0):
 garbage-first heap   total 324608K, used 201480K [0x0000000080000000, 0x0000000100000000)
  region size 1024K, 31 young (31744K), 12 survivors (12288K)
 Metaspace       used 115641K, capacity 118445K, committed 118528K, reserved 1153024K
  class space    used 14800K, capacity 15855K, committed 15872K, reserved 1048576K
}
Event: 19.935 GC heap after
{Heap after GC invocations=48 (full 0):
 garbage-first heap   total 324608K, used 186918K [0x0000000080000000, 0x0000000100000000)
  region size 1024K, 3 young (3072K), 3 survivors (3072K)
 Metaspace       used 115641K, capacity 118445K, committed 118528K, reserved 1153024K
  class space    used 14800K, capacity 15855K, committed 15872K, reserved 1048576K
}
Event: 20.108 GC heap before
{Heap before GC invocations=48 (full 0):
 garbage-first heap   total 324608K, used 291366K [0x0000000080000000, 0x0000000100000000)
  region size 1024K, 62 young (63488K), 3 survivors (3072K)
 Metaspace       used 117261K, capacity 120123K, committed 120320K, reserved 1153024K
  class space    used 15193K, capacity 16266K, committed 16384K, reserved 1048576K
}
Event: 20.121 GC heap after
{Heap after GC invocations=49 (full 0):
 garbage-first heap   total 324608K, used 227182K [0x0000000080000000, 0x0000000100000000)
  region size 1024K, 8 young (8192K), 8 survivors (8192K)
 Metaspace       used 117261K, capacity 120123K, committed 120320K, reserved 1153024K
  class space    used 15193K, capacity 16266K, committed 16384K, reserved 1048576K
}
Event: 20.328 GC heap before
{Heap before GC invocations=50 (full 0):
 garbage-first heap   total 324608K, used 266094K [0x0000000080000000, 0x0000000100000000)
  region size 1024K, 45 young (46080K), 8 survivors (8192K)
 Metaspace       used 119531K, capacity 122535K, committed 122752K, reserved 1155072K
  class space    used 15518K, capacity 16648K, committed 16768K, reserved 1048576K
}
Event: 20.356 GC heap after
{Heap after GC invocations=51 (full 0):
 garbage-first heap   total 324608K, used 241639K [0x0000000080000000, 0x0000000100000000)
  region size 1024K, 6 young (6144K), 6 survivors (6144K)
 Metaspace       used 119531K, capacity 122535K, committed 122752K, reserved 1155072K
  class space    used 15518K, capacity 16648K, committed 16768K, reserved 1048576K
}
Event: 20.402 GC heap before
{Heap before GC invocations=51 (full 0):
 garbage-first heap   total 324608K, used 250855K [0x0000000080000000, 0x0000000100000000)
  region size 1024K, 15 young (15360K), 6 survivors (6144K)
 Metaspace       used 119996K, capacity 123040K, committed 123264K, reserved 1155072K
  class space    used 15581K, capacity 16731K, committed 16768K, reserved 1048576K
}
Event: 20.417 GC heap after
{Heap after GC invocations=52 (full 0):
 garbage-first heap   total 324608K, used 244539K [0x0000000080000000, 0x0000000100000000)
  region size 1024K, 2 young (2048K), 2 survivors (2048K)
 Metaspace       used 119996K, capacity 123040K, committed 123264K, reserved 1155072K
  class space    used 15581K, capacity 16731K, committed 16768K, reserved 1048576K
}
Event: 20.559 GC heap before
{Heap before GC invocations=52 (full 0):
 garbage-first heap   total 324608K, used 270139K [0x0000000080000000, 0x0000000100000000)
  region size 1024K, 28 young (28672K), 2 survivors (2048K)
 Metaspace       used 121874K, capacity 125267K, committed 125568K, reserved 1157120K
  class space    used 15910K, capacity 17225K, committed 17280K, reserved 1048576K
}
Event: 20.575 GC heap after
{Heap after GC invocations=53 (full 0):
 garbage-first heap   total 324608K, used 251648K [0x0000000080000000, 0x0000000100000000)
  region size 1024K, 4 young (4096K), 4 survivors (4096K)
 Metaspace       used 121874K, capacity 125267K, committed 125568K, reserved 1157120K
  class space    used 15910K, capacity 17225K, committed 17280K, reserved 1048576K
}
Event: 20.727 GC heap before
{Heap before GC invocations=53 (full 0):
 garbage-first heap   total 324608K, used 275200K [0x0000000080000000, 0x0000000100000000)
  region size 1024K, 27 young (27648K), 4 survivors (4096K)
 Metaspace       used 122366K, capacity 125803K, committed 125824K, reserved 1157120K
  class space    used 15951K, capacity 17280K, committed 17280K, reserved 1048576K
}

