# JRE version: OpenJDK Runtime Environment (11.0.12+7) (build 11.0.12+7-b1504.28-7817840)
# Java VM: OpenJDK 64-Bit Server VM (11.0.12+7-b1504.28-7817840, mixed mode, tiered, compressed oops, g1 gc, windows-amd64)
Heap:
 garbage-first heap   total 561152K, used 258409K [0x0000000080000000, 0x0000000100000000)
  region size 1024K, 3 young (3072K), 3 survivors (3072K)
 Metaspace       used 114240K, capacity 116882K, committed 117068K, reserved 1150976K
  class space    used 14640K, capacity 15673K, committed 15744K, reserved 1048576K
GC Heap History (20 events):
Event: 27.658 GC heap after
{Heap after GC invocations=48 (full 0):
 garbage-first heap   total 270336K, used 172546K [0x0000000080000000, 0x0000000100000000)
  region size 1024K, 6 young (6144K), 6 survivors (6144K)
 Metaspace       used 112477K, capacity 115029K, committed 115276K, reserved 1148928K
  class space    used 14428K, capacity 15414K, committed 15488K, reserved 1048576K
}
Event: 27.710 GC heap before
{Heap before GC invocations=48 (full 0):
 garbage-first heap   total 270336K, used 177666K [0x0000000080000000, 0x0000000100000000)
  region size 1024K, 13 young (13312K), 6 survivors (6144K)
 Metaspace       used 112993K, capacity 115608K, committed 115916K, reserved 1148928K
  class space    used 14509K, capacity 15523K, committed 15616K, reserved 1048576K
}
Event: 27.717 GC heap after
{Heap after GC invocations=49 (full 0):
 garbage-first heap   total 270336K, used 174506K [0x0000000080000000, 0x0000000100000000)
  region size 1024K, 3 young (3072K), 3 survivors (3072K)
 Metaspace       used 112993K, capacity 115608K, committed 115916K, reserved 1148928K
  class space    used 14509K, capacity 15523K, committed 15616K, reserved 1048576K
}
Event: 27.748 GC heap before
{Heap before GC invocations=49 (full 0):
 garbage-first heap   total 270336K, used 246186K [0x0000000080000000, 0x0000000100000000)
  region size 1024K, 35 young (35840K), 3 survivors (3072K)
 Metaspace       used 113066K, capacity 115704K, committed 115916K, reserved 1148928K
  class space    used 14517K, capacity 15555K, committed 15616K, reserved 1048576K
}
Event: 27.752 GC heap after
{Heap after GC invocations=50 (full 0):
 garbage-first heap   total 270336K, used 202155K [0x0000000080000000, 0x0000000100000000)
  region size 1024K, 5 young (5120K), 5 survivors (5120K)
 Metaspace       used 113066K, capacity 115704K, committed 115916K, reserved 1148928K
  class space    used 14517K, capacity 15555K, committed 15616K, reserved 1048576K
}
Event: 27.964 GC heap before
{Heap before GC invocations=50 (full 0):
 garbage-first heap   total 270336K, used 229803K [0x0000000080000000, 0x0000000100000000)
  region size 1024K, 25 young (25600K), 5 survivors (5120K)
 Metaspace       used 113396K, capacity 116000K, committed 116172K, reserved 1150976K
  class space    used 14545K, capacity 15589K, committed 15616K, reserved 1048576K
}
Event: 27.982 GC heap after
{Heap after GC invocations=51 (full 0):
 garbage-first heap   total 270336K, used 217899K [0x0000000080000000, 0x0000000100000000)
  region size 1024K, 4 young (4096K), 4 survivors (4096K)
 Metaspace       used 113396K, capacity 116000K, committed 116172K, reserved 1150976K
  class space    used 14545K, capacity 15589K, committed 15616K, reserved 1048576K
}
Event: 28.053 GC heap before
{Heap before GC invocations=51 (full 0):
 garbage-first heap   total 270336K, used 229163K [0x0000000080000000, 0x0000000100000000)
  region size 1024K, 16 young (16384K), 4 survivors (4096K)
 Metaspace       used 113400K, capacity 116000K, committed 116172K, reserved 1150976K
  class space    used 14545K, capacity 15589K, committed 15616K, reserved 1048576K
}
Event: 28.064 GC heap after
{Heap after GC invocations=52 (full 0):
 garbage-first heap   total 270336K, used 226119K [0x0000000080000000, 0x0000000100000000)
  region size 1024K, 2 young (2048K), 2 survivors (2048K)
 Metaspace       used 113400K, capacity 116000K, committed 116172K, reserved 1150976K
  class space    used 14545K, capacity 15589K, committed 15616K, reserved 1048576K
}
Event: 28.130 GC heap before
{Heap before GC invocations=53 (full 0):
 garbage-first heap   total 270336K, used 236359K [0x0000000080000000, 0x0000000100000000)
  region size 1024K, 13 young (13312K), 2 survivors (2048K)
 Metaspace       used 113739K, capacity 116374K, committed 116556K, reserved 1150976K
  class space    used 14583K, capacity 15631K, committed 15744K, reserved 1048576K
}
Event: 28.145 GC heap after
{Heap after GC invocations=54 (full 0):
 garbage-first heap   total 270336K, used 231602K [0x0000000080000000, 0x0000000100000000)
  region size 1024K, 2 young (2048K), 2 survivors (2048K)
 Metaspace       used 113739K, capacity 116374K, committed 116556K, reserved 1150976K
  class space    used 14583K, capacity 15631K, committed 15744K, reserved 1048576K
}
Event: 28.203 GC heap before
{Heap before GC invocations=54 (full 0):
 garbage-first heap   total 270336K, used 242866K [0x0000000080000000, 0x0000000100000000)
  region size 1024K, 13 young (13312K), 2 survivors (2048K)
 Metaspace       used 114018K, capacity 116624K, committed 116812K, reserved 1150976K
  class space    used 14621K, capacity 15672K, committed 15744K, reserved 1048576K
}
Event: 28.219 GC heap after
{Heap after GC invocations=55 (full 0):
 garbage-first heap   total 324608K, used 236113K [0x0000000080000000, 0x0000000100000000)
  region size 1024K, 2 young (2048K), 2 survivors (2048K)
 Metaspace       used 114018K, capacity 116624K, committed 116812K, reserved 1150976K
  class space    used 14621K, capacity 15672K, committed 15744K, reserved 1048576K
}
Event: 28.222 GC heap before
{Heap before GC invocations=55 (full 0):
 garbage-first heap   total 324608K, used 236113K [0x0000000080000000, 0x0000000100000000)
  region size 1024K, 3 young (3072K), 2 survivors (2048K)
 Metaspace       used 114019K, capacity 116624K, committed 116812K, reserved 1150976K
  class space    used 14621K, capacity 15672K, committed 15744K, reserved 1048576K
}
Event: 28.232 GC heap after
{Heap after GC invocations=56 (full 0):
 garbage-first heap   total 324608K, used 236994K [0x0000000080000000, 0x0000000100000000)
  region size 1024K, 1 young (1024K), 1 survivors (1024K)
 Metaspace       used 114019K, capacity 116624K, committed 116812K, reserved 1150976K
  class space    used 14621K, capacity 15672K, committed 15744K, reserved 1048576K
}
Event: 28.360 GC heap before
{Heap before GC invocations=56 (full 0):
 garbage-first heap   total 324608K, used 257474K [0x0000000080000000, 0x0000000100000000)
  region size 1024K, 20 young (20480K), 1 survivors (1024K)
 Metaspace       used 114088K, capacity 116688K, committed 116812K, reserved 1150976K
  class space    used 14621K, capacity 15672K, committed 15744K, reserved 1048576K
}
Event: 28.374 GC heap after
{Heap after GC invocations=57 (full 0):
 garbage-first heap   total 324608K, used 247258K [0x0000000080000000, 0x0000000100000000)
  region size 1024K, 3 young (3072K), 3 survivors (3072K)
 Metaspace       used 114088K, capacity 116688K, committed 116812K, reserved 1150976K
  class space    used 14621K, capacity 15672K, committed 15744K, reserved 1048576K
}
Event: 28.455 GC heap before
{Heap before GC invocations=57 (full 0):
 garbage-first heap   total 324608K, used 263642K [0x0000000080000000, 0x0000000100000000)
  region size 1024K, 19 young (19456K), 3 survivors (3072K)
 Metaspace       used 114141K, capacity 116754K, committed 117068K, reserved 1150976K
  class space    used 14627K, capacity 15673K, committed 15744K, reserved 1048576K
}
Event: 28.471 GC heap after
{Heap after GC invocations=58 (full 0):
 garbage-first heap   total 324608K, used 255771K [0x0000000080000000, 0x0000000100000000)
  region size 1024K, 3 young (3072K), 3 survivors (3072K)
 Metaspace       used 114141K, capacity 116754K, committed 117068K, reserved 1150976K
  class space    used 14627K, capacity 15673K, committed 15744K, reserved 1048576K
}
Event: 28.628 GC heap before
{Heap before GC invocations=58 (full 0):
 garbage-first heap   total 324608K, used 266011K [0x0000000080000000, 0x0000000100000000)
  region size 1024K, 17 young (17408K), 3 survivors (3072K)
 Metaspace       used 114240K, capacity 116882K, committed 117068K, reserved 1150976K
  class space    used 14640K, capacity 15673K, committed 15744K, reserved 1048576K
}

